Save database : Modification by user
Save repository element : postgresql-ms : Modification by user
Save database : Modification by user
Save repository element : postgresql-ep : Modification by user
Save database : Modification by user
Save repository element : postgresql-ms : Modification by user
Save database : Modification by user
Save repository element : postgresql-ms : Modification by user
Save database : Modification by user
Save repository element : postgresql-ms : Modification by user
Save database : Modification by user
Save repository element : postgresql-ep : Modification by user
Save repository element : Sybase : Creation of initial version
Save database : Modification by user
Save repository element : PostgreSql-EP : Modification by user
Save database : Modification by user
Save repository element : PostgreSQL-MS : Modification by user
Save database : Modification by user
Save repository element : PostgreSQL-EP : Modification by user
Save database : Modification by user
Save repository element : PostgreSQL-Postgres : Modification by user
Save repository element : PostgreSQL-Postgres : Creation of initial version
Save database : Modification by user
Save repository element : PostgreSQL-Postgres : Modification by user
